objc[28991]: Class AXEmojiUtilities is implemented in both /Applications/Xcode.app/Contents/Developer/Platforms/iPhoneSimulator.platform/Developer/SDKs/iPhoneSimulator7.1.sdk/System/Library/PrivateFrameworks/AccessibilityUtilities.framework/AccessibilityUtilities and /Applications/Xcode.app/Contents/Developer/Platforms/iPhoneSimulator.platform/Developer/SDKs/iPhoneSimulator7.1.sdk/usr/lib/libAXSpeechManager.dylib. One of the two will be used. Which one is undefined.
2014-10-25 17:02:50.797 myApp[28991:70b] Cannot find executable for CFBundle 0x7af76ea0 </Applications/Xcode.app/Contents/Developer/Platforms/iPhoneSimulator.platform/Developer/SDKs/iPhoneSimulator7.1.sdk/System/Library/AccessibilityBundles/GeoServices.axbundle> (not loaded)
2014-10-25 17:02:50.803 myApp[28991:70b] Cannot find executable for CFBundle 0x7b152150 </Applications/Xcode.app/Contents/Developer/Platforms/iPhoneSimulator.platform/Developer/SDKs/iPhoneSimulator7.1.sdk/System/Library/AccessibilityBundles/CertUIFramework.axbundle> (not loaded)
2014-10-25 17:02:50.848 myApp[28991:70b] Apache Cordova native platform version 3.6.3 is starting.
2014-10-25 17:02:50.848 myApp[28991:70b] Multi-tasking -> Device: YES, App: YES
2014-10-25 17:02:50.865 myApp[28991:70b] Unlimited access to network resources
2014-10-25 17:02:50.944 myApp[28991:70b] CDVPlugin class IonicKeyboard (pluginName: keyboard) does not exist.
2014-10-25 17:02:50.944 myApp[28991:70b] [CDVTimer][keyboard] 0.336051ms
2014-10-25 17:02:50.944 myApp[28991:70b] [CDVTimer][TotalPluginStartup] 0.613987ms
2014-10-25 17:02:51.035 myApp[28991:70b] Resetting plugins due to page load.
2014-10-25 17:02:51.178 myApp[28991:70b] Finished load of: file:///Users/spathon/Library/Developer/CoreSimulator/Devices/EA92D0E0-A24C-4289-9C31-314C99F1E5FC/data/Applications/F647B9B3-1ED4-4CAA-BE4A-4ABE82A0B298/myApp.app/www/index.html
2014-10-25 17:02:51.193 myApp[28991:70b] CDVPlugin class CDVDevice (pluginName: Device) does not exist.
2014-10-25 17:02:51.193 myApp[28991:70b] ERROR: Plugin 'Device' not found, or is not a CDVPlugin. Check your plugin mapping in config.xml.
2014-10-25 17:02:51.194 myApp[28991:70b] -[CDVCommandQueue executePending] [Line 158] FAILED pluginJSON = [
  "Device1482976103",
  "Device",
  "getDeviceInfo",
  [

  ]
]
objc[29232]: Class AXEmojiUtilities is implemented in both /Applications/Xcode.app/Contents/Developer/Platforms/iPhoneSimulator.platform/Developer/SDKs/iPhoneSimulator7.1.sdk/System/Library/PrivateFrameworks/AccessibilityUtilities.framework/AccessibilityUtilities and /Applications/Xcode.app/Contents/Developer/Platforms/iPhoneSimulator.platform/Developer/SDKs/iPhoneSimulator7.1.sdk/usr/lib/libAXSpeechManager.dylib. One of the two will be used. Which one is undefined.
2014-10-25 17:03:17.789 myApp[29232:70b] Cannot find executable for CFBundle 0x78a4ae40 </Applications/Xcode.app/Contents/Developer/Platforms/iPhoneSimulator.platform/Developer/SDKs/iPhoneSimulator7.1.sdk/System/Library/AccessibilityBundles/CertUIFramework.axbundle> (not loaded)
2014-10-25 17:03:17.794 myApp[29232:70b] Cannot find executable for CFBundle 0x78938950 </Applications/Xcode.app/Contents/Developer/Platforms/iPhoneSimulator.platform/Developer/SDKs/iPhoneSimulator7.1.sdk/System/Library/AccessibilityBundles/GeoServices.axbundle> (not loaded)
2014-10-25 17:03:17.838 myApp[29232:70b] Apache Cordova native platform version 3.6.3 is starting.
2014-10-25 17:03:17.838 myApp[29232:70b] Multi-tasking -> Device: YES, App: YES
2014-10-25 17:03:17.843 myApp[29232:70b] Unlimited access to network resources
2014-10-25 17:03:17.857 myApp[29232:70b] CDVPlugin class IonicKeyboard (pluginName: keyboard) does not exist.
2014-10-25 17:03:17.858 myApp[29232:70b] [CDVTimer][keyboard] 0.355005ms
2014-10-25 17:03:17.858 myApp[29232:70b] [CDVTimer][TotalPluginStartup] 0.654995ms
2014-10-25 17:03:17.916 myApp[29232:70b] Resetting plugins due to page load.
2014-10-25 17:03:18.062 myApp[29232:70b] Finished load of: file:///Users/spathon/Library/Developer/CoreSimulator/Devices/EA92D0E0-A24C-4289-9C31-314C99F1E5FC/data/Applications/F647B9B3-1ED4-4CAA-BE4A-4ABE82A0B298/myApp.app/www/index.html#/
2014-10-25 17:03:18.104 myApp[29232:70b] CDVPlugin class CDVDevice (pluginName: Device) does not exist.
2014-10-25 17:03:18.104 myApp[29232:70b] ERROR: Plugin 'Device' not found, or is not a CDVPlugin. Check your plugin mapping in config.xml.
2014-10-25 17:03:18.104 myApp[29232:70b] -[CDVCommandQueue executePending] [Line 158] FAILED pluginJSON = [
  "Device1187667983",
  "Device",
  "getDeviceInfo",
  [

  ]
]
objc[29443]: Class AXEmojiUtilities is implemented in both /Applications/Xcode.app/Contents/Developer/Platforms/iPhoneSimulator.platform/Developer/SDKs/iPhoneSimulator7.1.sdk/System/Library/PrivateFrameworks/AccessibilityUtilities.framework/AccessibilityUtilities and /Applications/Xcode.app/Contents/Developer/Platforms/iPhoneSimulator.platform/Developer/SDKs/iPhoneSimulator7.1.sdk/usr/lib/libAXSpeechManager.dylib. One of the two will be used. Which one is undefined.
2014-10-25 17:04:17.595 myApp[29443:70b] Cannot find executable for CFBundle 0x79b46a70 </Applications/Xcode.app/Contents/Developer/Platforms/iPhoneSimulator.platform/Developer/SDKs/iPhoneSimulator7.1.sdk/System/Library/AccessibilityBundles/CertUIFramework.axbundle> (not loaded)
2014-10-25 17:04:17.599 myApp[29443:70b] Cannot find executable for CFBundle 0x79d43d20 </Applications/Xcode.app/Contents/Developer/Platforms/iPhoneSimulator.platform/Developer/SDKs/iPhoneSimulator7.1.sdk/System/Library/AccessibilityBundles/GeoServices.axbundle> (not loaded)
2014-10-25 17:04:17.634 myApp[29443:70b] Apache Cordova native platform version 3.6.3 is starting.
2014-10-25 17:04:17.635 myApp[29443:70b] Multi-tasking -> Device: YES, App: YES
2014-10-25 17:04:17.640 myApp[29443:70b] Unlimited access to network resources
2014-10-25 17:04:17.654 myApp[29443:70b] CDVPlugin class IonicKeyboard (pluginName: keyboard) does not exist.
2014-10-25 17:04:17.654 myApp[29443:70b] [CDVTimer][keyboard] 0.356019ms
2014-10-25 17:04:17.654 myApp[29443:70b] [CDVTimer][TotalPluginStartup] 0.666976ms
2014-10-25 17:04:17.709 myApp[29443:70b] Resetting plugins due to page load.
2014-10-25 17:04:17.806 myApp[29443:70b] Finished load of: file:///Users/spathon/Library/Developer/CoreSimulator/Devices/EA92D0E0-A24C-4289-9C31-314C99F1E5FC/data/Applications/F647B9B3-1ED4-4CAA-BE4A-4ABE82A0B298/myApp.app/www/index.html#/
2014-10-25 17:04:17.839 myApp[29443:70b] CDVPlugin class CDVDevice (pluginName: Device) does not exist.
2014-10-25 17:04:17.839 myApp[29443:70b] ERROR: Plugin 'Device' not found, or is not a CDVPlugin. Check your plugin mapping in config.xml.
2014-10-25 17:04:17.839 myApp[29443:70b] -[CDVCommandQueue executePending] [Line 158] FAILED pluginJSON = [
  "Device1491771617",
  "Device",
  "getDeviceInfo",
  [

  ]
]
objc[29640]: Class AXEmojiUtilities is implemented in both /Applications/Xcode.app/Contents/Developer/Platforms/iPhoneSimulator.platform/Developer/SDKs/iPhoneSimulator7.1.sdk/System/Library/PrivateFrameworks/AccessibilityUtilities.framework/AccessibilityUtilities and /Applications/Xcode.app/Contents/Developer/Platforms/iPhoneSimulator.platform/Developer/SDKs/iPhoneSimulator7.1.sdk/usr/lib/libAXSpeechManager.dylib. One of the two will be used. Which one is undefined.
2014-10-25 17:04:33.098 myApp[29640:70b] Cannot find executable for CFBundle 0x7a961eb0 </Applications/Xcode.app/Contents/Developer/Platforms/iPhoneSimulator.platform/Developer/SDKs/iPhoneSimulator7.1.sdk/System/Library/AccessibilityBundles/GeoServices.axbundle> (not loaded)
2014-10-25 17:04:33.102 myApp[29640:70b] Cannot find executable for CFBundle 0x7a84f640 </Applications/Xcode.app/Contents/Developer/Platforms/iPhoneSimulator.platform/Developer/SDKs/iPhoneSimulator7.1.sdk/System/Library/AccessibilityBundles/CertUIFramework.axbundle> (not loaded)
2014-10-25 17:04:33.132 myApp[29640:70b] Apache Cordova native platform version 3.6.3 is starting.
2014-10-25 17:04:33.133 myApp[29640:70b] Multi-tasking -> Device: YES, App: YES
2014-10-25 17:04:33.137 myApp[29640:70b] Unlimited access to network resources
2014-10-25 17:04:33.151 myApp[29640:70b] CDVPlugin class IonicKeyboard (pluginName: keyboard) does not exist.
2014-10-25 17:04:33.152 myApp[29640:70b] [CDVTimer][keyboard] 0.479996ms
2014-10-25 17:04:33.152 myApp[29640:70b] [CDVTimer][TotalPluginStartup] 0.918984ms
2014-10-25 17:04:33.209 myApp[29640:70b] Resetting plugins due to page load.
2014-10-25 17:04:33.307 myApp[29640:70b] Finished load of: file:///Users/spathon/Library/Developer/CoreSimulator/Devices/EA92D0E0-A24C-4289-9C31-314C99F1E5FC/data/Applications/F647B9B3-1ED4-4CAA-BE4A-4ABE82A0B298/myApp.app/www/index.html#/
2014-10-25 17:04:33.376 myApp[29640:70b] CDVPlugin class CDVDevice (pluginName: Device) does not exist.
2014-10-25 17:04:33.376 myApp[29640:70b] ERROR: Plugin 'Device' not found, or is not a CDVPlugin. Check your plugin mapping in config.xml.
2014-10-25 17:04:33.377 myApp[29640:70b] -[CDVCommandQueue executePending] [Line 158] FAILED pluginJSON = [
  "Device1286966724",
  "Device",
  "getDeviceInfo",
  [

  ]
]
objc[29933]: Class AXEmojiUtilities is implemented in both /Applications/Xcode.app/Contents/Developer/Platforms/iPhoneSimulator.platform/Developer/SDKs/iPhoneSimulator7.1.sdk/System/Library/PrivateFrameworks/AccessibilityUtilities.framework/AccessibilityUtilities and /Applications/Xcode.app/Contents/Developer/Platforms/iPhoneSimulator.platform/Developer/SDKs/iPhoneSimulator7.1.sdk/usr/lib/libAXSpeechManager.dylib. One of the two will be used. Which one is undefined.
2014-10-25 17:08:09.200 myApp[29933:70b] Cannot find executable for CFBundle 0x7a5b5430 </Applications/Xcode.app/Contents/Developer/Platforms/iPhoneSimulator.platform/Developer/SDKs/iPhoneSimulator7.1.sdk/System/Library/AccessibilityBundles/CertUIFramework.axbundle> (not loaded)
2014-10-25 17:08:09.207 myApp[29933:70b] Cannot find executable for CFBundle 0x7a495470 </Applications/Xcode.app/Contents/Developer/Platforms/iPhoneSimulator.platform/Developer/SDKs/iPhoneSimulator7.1.sdk/System/Library/AccessibilityBundles/GeoServices.axbundle> (not loaded)
2014-10-25 17:08:09.236 myApp[29933:70b] Apache Cordova native platform version 3.6.3 is starting.
2014-10-25 17:08:09.236 myApp[29933:70b] Multi-tasking -> Device: YES, App: YES
2014-10-25 17:08:09.244 myApp[29933:70b] Unlimited access to network resources
2014-10-25 17:08:09.262 myApp[29933:70b] CDVPlugin class IonicKeyboard (pluginName: keyboard) does not exist.
2014-10-25 17:08:09.263 myApp[29933:70b] [CDVTimer][keyboard] 0.496984ms
2014-10-25 17:08:09.263 myApp[29933:70b] [CDVTimer][TotalPluginStartup] 0.904977ms
2014-10-25 17:08:09.358 myApp[29933:70b] Resetting plugins due to page load.
2014-10-25 17:08:09.510 myApp[29933:70b] Finished load of: file:///Users/spathon/Library/Developer/CoreSimulator/Devices/EA92D0E0-A24C-4289-9C31-314C99F1E5FC/data/Applications/F647B9B3-1ED4-4CAA-BE4A-4ABE82A0B298/myApp.app/www/index.html#/
2014-10-25 17:08:09.605 myApp[29933:70b] CDVPlugin class CDVDevice (pluginName: Device) does not exist.
2014-10-25 17:08:09.605 myApp[29933:70b] ERROR: Plugin 'Device' not found, or is not a CDVPlugin. Check your plugin mapping in config.xml.
2014-10-25 17:08:09.606 myApp[29933:70b] -[CDVCommandQueue executePending] [Line 158] FAILED pluginJSON = [
  "Device763633384",
  "Device",
  "getDeviceInfo",
  [

  ]
]
2014-10-25 17:08:10.811 myApp[29933:70b] CDVPlugin class IonicKeyboard (pluginName: Keyboard) does not exist.
2014-10-25 17:08:10.812 myApp[29933:70b] ERROR: Plugin 'Keyboard' not found, or is not a CDVPlugin. Check your plugin mapping in config.xml.
2014-10-25 17:08:10.812 myApp[29933:70b] -[CDVCommandQueue executePending] [Line 158] FAILED pluginJSON = [
  "INVALID",
  "Keyboard",
  "close",
  [

  ]
]
2014-10-25 17:08:12.239 myApp[29933:70b] CDVPlugin class IonicKeyboard (pluginName: Keyboard) does not exist.
2014-10-25 17:08:12.240 myApp[29933:70b] ERROR: Plugin 'Keyboard' not found, or is not a CDVPlugin. Check your plugin mapping in config.xml.
2014-10-25 17:08:12.240 myApp[29933:70b] -[CDVCommandQueue executePending] [Line 158] FAILED pluginJSON = [
  "INVALID",
  "Keyboard",
  "close",
  [

  ]
]
objc[30367]: Class AXEmojiUtilities is implemented in both /Applications/Xcode.app/Contents/Developer/Platforms/iPhoneSimulator.platform/Developer/SDKs/iPhoneSimulator7.1.sdk/System/Library/PrivateFrameworks/AccessibilityUtilities.framework/AccessibilityUtilities and /Applications/Xcode.app/Contents/Developer/Platforms/iPhoneSimulator.platform/Developer/SDKs/iPhoneSimulator7.1.sdk/usr/lib/libAXSpeechManager.dylib. One of the two will be used. Which one is undefined.
2014-10-25 17:13:58.761 myApp[30367:70b] Cannot find executable for CFBundle 0x7a075310 </Applications/Xcode.app/Contents/Developer/Platforms/iPhoneSimulator.platform/Developer/SDKs/iPhoneSimulator7.1.sdk/System/Library/AccessibilityBundles/GeoServices.axbundle> (not loaded)
2014-10-25 17:13:58.765 myApp[30367:70b] Cannot find executable for CFBundle 0x7a25bca0 </Applications/Xcode.app/Contents/Developer/Platforms/iPhoneSimulator.platform/Developer/SDKs/iPhoneSimulator7.1.sdk/System/Library/AccessibilityBundles/CertUIFramework.axbundle> (not loaded)
2014-10-25 17:13:58.800 myApp[30367:70b] Apache Cordova native platform version 3.6.3 is starting.
2014-10-25 17:13:58.800 myApp[30367:70b] Multi-tasking -> Device: YES, App: YES
2014-10-25 17:13:58.805 myApp[30367:70b] Unlimited access to network resources
2014-10-25 17:13:58.818 myApp[30367:70b] CDVPlugin class IonicKeyboard (pluginName: keyboard) does not exist.
2014-10-25 17:13:58.819 myApp[30367:70b] [CDVTimer][keyboard] 0.433028ms
2014-10-25 17:13:58.819 myApp[30367:70b] [CDVTimer][TotalPluginStartup] 0.738025ms
2014-10-25 17:13:58.907 myApp[30367:70b] Resetting plugins due to page load.
2014-10-25 17:13:59.010 myApp[30367:70b] Finished load of: file:///Users/spathon/Library/Developer/CoreSimulator/Devices/EA92D0E0-A24C-4289-9C31-314C99F1E5FC/data/Applications/F647B9B3-1ED4-4CAA-BE4A-4ABE82A0B298/myApp.app/www/index.html#/
2014-10-25 17:13:59.047 myApp[30367:70b] CDVPlugin class CDVDevice (pluginName: Device) does not exist.
2014-10-25 17:13:59.047 myApp[30367:70b] ERROR: Plugin 'Device' not found, or is not a CDVPlugin. Check your plugin mapping in config.xml.
2014-10-25 17:13:59.047 myApp[30367:70b] -[CDVCommandQueue executePending] [Line 158] FAILED pluginJSON = [
  "Device844714135",
  "Device",
  "getDeviceInfo",
  [

  ]
]
objc[30629]: Class AXEmojiUtilities is implemented in both /Applications/Xcode.app/Contents/Developer/Platforms/iPhoneSimulator.platform/Developer/SDKs/iPhoneSimulator7.1.sdk/System/Library/PrivateFrameworks/AccessibilityUtilities.framework/AccessibilityUtilities and /Applications/Xcode.app/Contents/Developer/Platforms/iPhoneSimulator.platform/Developer/SDKs/iPhoneSimulator7.1.sdk/usr/lib/libAXSpeechManager.dylib. One of the two will be used. Which one is undefined.
2014-10-25 17:16:30.128 myApp[30629:70b] Cannot find executable for CFBundle 0x7a384cc0 </Applications/Xcode.app/Contents/Developer/Platforms/iPhoneSimulator.platform/Developer/SDKs/iPhoneSimulator7.1.sdk/System/Library/AccessibilityBundles/GeoServices.axbundle> (not loaded)
2014-10-25 17:16:30.132 myApp[30629:70b] Cannot find executable for CFBundle 0x7a2b23d0 </Applications/Xcode.app/Contents/Developer/Platforms/iPhoneSimulator.platform/Developer/SDKs/iPhoneSimulator7.1.sdk/System/Library/AccessibilityBundles/CertUIFramework.axbundle> (not loaded)
2014-10-25 17:16:30.150 myApp[30629:70b] Apache Cordova native platform version 3.6.3 is starting.
2014-10-25 17:16:30.151 myApp[30629:70b] Multi-tasking -> Device: YES, App: YES
2014-10-25 17:16:30.155 myApp[30629:70b] Unlimited access to network resources
2014-10-25 17:16:30.168 myApp[30629:70b] CDVPlugin class IonicKeyboard (pluginName: keyboard) does not exist.
2014-10-25 17:16:30.168 myApp[30629:70b] [CDVTimer][keyboard] 0.351012ms
2014-10-25 17:16:30.169 myApp[30629:70b] [CDVTimer][TotalPluginStartup] 0.658989ms
2014-10-25 17:16:30.242 myApp[30629:70b] Resetting plugins due to page load.
2014-10-25 17:16:30.393 myApp[30629:70b] Finished load of: file:///Users/spathon/Library/Developer/CoreSimulator/Devices/EA92D0E0-A24C-4289-9C31-314C99F1E5FC/data/Applications/F647B9B3-1ED4-4CAA-BE4A-4ABE82A0B298/myApp.app/www/index.html#/
2014-10-25 17:16:30.446 myApp[30629:70b] CDVPlugin class CDVDevice (pluginName: Device) does not exist.
2014-10-25 17:16:30.446 myApp[30629:70b] ERROR: Plugin 'Device' not found, or is not a CDVPlugin. Check your plugin mapping in config.xml.
2014-10-25 17:16:30.447 myApp[30629:70b] -[CDVCommandQueue executePending] [Line 158] FAILED pluginJSON = [
  "Device1674287042",
  "Device",
  "getDeviceInfo",
  [

  ]
]
objc[30917]: Class AXEmojiUtilities is implemented in both /Applications/Xcode.app/Contents/Developer/Platforms/iPhoneSimulator.platform/Developer/SDKs/iPhoneSimulator7.1.sdk/System/Library/PrivateFrameworks/AccessibilityUtilities.framework/AccessibilityUtilities and /Applications/Xcode.app/Contents/Developer/Platforms/iPhoneSimulator.platform/Developer/SDKs/iPhoneSimulator7.1.sdk/usr/lib/libAXSpeechManager.dylib. One of the two will be used. Which one is undefined.
2014-10-25 17:25:23.220 myApp[30917:70b] Cannot find executable for CFBundle 0x79a71650 </Applications/Xcode.app/Contents/Developer/Platforms/iPhoneSimulator.platform/Developer/SDKs/iPhoneSimulator7.1.sdk/System/Library/AccessibilityBundles/GeoServices.axbundle> (not loaded)
2014-10-25 17:25:23.225 myApp[30917:70b] Cannot find executable for CFBundle 0x79d748d0 </Applications/Xcode.app/Contents/Developer/Platforms/iPhoneSimulator.platform/Developer/SDKs/iPhoneSimulator7.1.sdk/System/Library/AccessibilityBundles/CertUIFramework.axbundle> (not loaded)
2014-10-25 17:25:23.246 myApp[30917:70b] Apache Cordova native platform version 3.6.3 is starting.
2014-10-25 17:25:23.247 myApp[30917:70b] Multi-tasking -> Device: YES, App: YES
2014-10-25 17:25:23.255 myApp[30917:70b] Unlimited access to network resources
2014-10-25 17:25:23.273 myApp[30917:70b] CDVPlugin class IonicKeyboard (pluginName: keyboard) does not exist.
2014-10-25 17:25:23.274 myApp[30917:70b] [CDVTimer][keyboard] 0.470996ms
2014-10-25 17:25:23.274 myApp[30917:70b] [CDVTimer][TotalPluginStartup] 0.835001ms
2014-10-25 17:25:23.387 myApp[30917:70b] Resetting plugins due to page load.
2014-10-25 17:25:23.518 myApp[30917:70b] Finished load of: file:///Users/spathon/Library/Developer/CoreSimulator/Devices/EA92D0E0-A24C-4289-9C31-314C99F1E5FC/data/Applications/F647B9B3-1ED4-4CAA-BE4A-4ABE82A0B298/myApp.app/www/index.html#/
2014-10-25 17:25:23.564 myApp[30917:70b] CDVPlugin class CDVDevice (pluginName: Device) does not exist.
2014-10-25 17:25:23.564 myApp[30917:70b] ERROR: Plugin 'Device' not found, or is not a CDVPlugin. Check your plugin mapping in config.xml.
2014-10-25 17:25:23.565 myApp[30917:70b] -[CDVCommandQueue executePending] [Line 158] FAILED pluginJSON = [
  "Device1795173783",
  "Device",
  "getDeviceInfo",
  [

  ]
]
objc[32378]: Class AXEmojiUtilities is implemented in both /Applications/Xcode.app/Contents/Developer/Platforms/iPhoneSimulator.platform/Developer/SDKs/iPhoneSimulator7.1.sdk/System/Library/PrivateFrameworks/AccessibilityUtilities.framework/AccessibilityUtilities and /Applications/Xcode.app/Contents/Developer/Platforms/iPhoneSimulator.platform/Developer/SDKs/iPhoneSimulator7.1.sdk/usr/lib/libAXSpeechManager.dylib. One of the two will be used. Which one is undefined.
2014-10-25 17:57:18.843 myApp[32378:70b] Cannot find executable for CFBundle 0x79567890 </Applications/Xcode.app/Contents/Developer/Platforms/iPhoneSimulator.platform/Developer/SDKs/iPhoneSimulator7.1.sdk/System/Library/AccessibilityBundles/CertUIFramework.axbundle> (not loaded)
2014-10-25 17:57:18.855 myApp[32378:70b] Cannot find executable for CFBundle 0x7927d530 </Applications/Xcode.app/Contents/Developer/Platforms/iPhoneSimulator.platform/Developer/SDKs/iPhoneSimulator7.1.sdk/System/Library/AccessibilityBundles/GeoServices.axbundle> (not loaded)
2014-10-25 17:57:18.893 myApp[32378:70b] Apache Cordova native platform version 3.6.3 is starting.
2014-10-25 17:57:18.894 myApp[32378:70b] Multi-tasking -> Device: YES, App: YES
2014-10-25 17:57:18.910 myApp[32378:70b] Unlimited access to network resources
2014-10-25 17:57:19.063 myApp[32378:70b] CDVPlugin class IonicKeyboard (pluginName: keyboard) does not exist.
2014-10-25 17:57:19.064 myApp[32378:70b] [CDVTimer][keyboard] 0.490010ms
2014-10-25 17:57:19.064 myApp[32378:70b] [CDVTimer][TotalPluginStartup] 0.881970ms
2014-10-25 17:57:19.200 myApp[32378:70b] Resetting plugins due to page load.
2014-10-25 17:57:19.475 myApp[32378:70b] Finished load of: file:///Users/spathon/Library/Developer/CoreSimulator/Devices/EA92D0E0-A24C-4289-9C31-314C99F1E5FC/data/Applications/F647B9B3-1ED4-4CAA-BE4A-4ABE82A0B298/myApp.app/www/index.html#/
2014-10-25 17:57:19.544 myApp[32378:70b] CDVPlugin class CDVDevice (pluginName: Device) does not exist.
2014-10-25 17:57:19.545 myApp[32378:70b] ERROR: Plugin 'Device' not found, or is not a CDVPlugin. Check your plugin mapping in config.xml.
2014-10-25 17:57:19.545 myApp[32378:70b] -[CDVCommandQueue executePending] [Line 158] FAILED pluginJSON = [
  "Device1874941480",
  "Device",
  "getDeviceInfo",
  [

  ]
]
2014-10-25 17:57:21.133 myApp[32378:70b] CDVPlugin class IonicKeyboard (pluginName: Keyboard) does not exist.
2014-10-25 17:57:21.134 myApp[32378:70b] ERROR: Plugin 'Keyboard' not found, or is not a CDVPlugin. Check your plugin mapping in config.xml.
2014-10-25 17:57:21.134 myApp[32378:70b] -[CDVCommandQueue executePending] [Line 158] FAILED pluginJSON = [
  "INVALID",
  "Keyboard",
  "close",
  [

  ]
]
2014-10-25 17:57:22.540 myApp[32378:70b] CDVPlugin class IonicKeyboard (pluginName: Keyboard) does not exist.
2014-10-25 17:57:22.541 myApp[32378:70b] ERROR: Plugin 'Keyboard' not found, or is not a CDVPlugin. Check your plugin mapping in config.xml.
2014-10-25 17:57:22.541 myApp[32378:70b] -[CDVCommandQueue executePending] [Line 158] FAILED pluginJSON = [
  "INVALID",
  "Keyboard",
  "close",
  [

  ]
]
objc[36060]: Class AXEmojiUtilities is implemented in both /Applications/Xcode.app/Contents/Developer/Platforms/iPhoneSimulator.platform/Developer/SDKs/iPhoneSimulator7.1.sdk/System/Library/PrivateFrameworks/AccessibilityUtilities.framework/AccessibilityUtilities and /Applications/Xcode.app/Contents/Developer/Platforms/iPhoneSimulator.platform/Developer/SDKs/iPhoneSimulator7.1.sdk/usr/lib/libAXSpeechManager.dylib. One of the two will be used. Which one is undefined.
2014-10-25 21:26:41.442 myApp[36060:70b] Cannot find executable for CFBundle 0x7ad846b0 </Applications/Xcode.app/Contents/Developer/Platforms/iPhoneSimulator.platform/Developer/SDKs/iPhoneSimulator7.1.sdk/System/Library/AccessibilityBundles/CertUIFramework.axbundle> (not loaded)
2014-10-25 21:26:41.448 myApp[36060:70b] Cannot find executable for CFBundle 0x7ada2080 </Applications/Xcode.app/Contents/Developer/Platforms/iPhoneSimulator.platform/Developer/SDKs/iPhoneSimulator7.1.sdk/System/Library/AccessibilityBundles/GeoServices.axbundle> (not loaded)
2014-10-25 21:26:41.488 myApp[36060:70b] Apache Cordova native platform version 3.6.3 is starting.
2014-10-25 21:26:41.488 myApp[36060:70b] Multi-tasking -> Device: YES, App: YES
2014-10-25 21:26:41.506 myApp[36060:70b] Unlimited access to network resources
2014-10-25 21:26:41.610 myApp[36060:70b] CDVPlugin class IonicKeyboard (pluginName: keyboard) does not exist.
2014-10-25 21:26:41.610 myApp[36060:70b] [CDVTimer][keyboard] 0.492990ms
2014-10-25 21:26:41.611 myApp[36060:70b] [CDVTimer][TotalPluginStartup] 0.903964ms
2014-10-25 21:26:41.729 myApp[36060:70b] Resetting plugins due to page load.
2014-10-25 21:26:41.950 myApp[36060:70b] Finished load of: file:///Users/spathon/Library/Developer/CoreSimulator/Devices/EA92D0E0-A24C-4289-9C31-314C99F1E5FC/data/Applications/F647B9B3-1ED4-4CAA-BE4A-4ABE82A0B298/myApp.app/www/index.html#/
2014-10-25 21:26:42.095 myApp[36060:70b] CDVPlugin class CDVDevice (pluginName: Device) does not exist.
2014-10-25 21:26:42.096 myApp[36060:70b] ERROR: Plugin 'Device' not found, or is not a CDVPlugin. Check your plugin mapping in config.xml.
2014-10-25 21:26:42.096 myApp[36060:70b] -[CDVCommandQueue executePending] [Line 158] FAILED pluginJSON = [
  "Device1867555876",
  "Device",
  "getDeviceInfo",
  [

  ]
]
2014-10-25 21:27:06.672 myApp[36060:70b] CDVPlugin class IonicKeyboard (pluginName: Keyboard) does not exist.
2014-10-25 21:27:06.672 myApp[36060:70b] ERROR: Plugin 'Keyboard' not found, or is not a CDVPlugin. Check your plugin mapping in config.xml.
2014-10-25 21:27:06.673 myApp[36060:70b] -[CDVCommandQueue executePending] [Line 158] FAILED pluginJSON = [
  "INVALID",
  "Keyboard",
  "close",
  [

  ]
]
2014-10-25 21:27:08.873 myApp[36060:70b] CDVPlugin class IonicKeyboard (pluginName: Keyboard) does not exist.
2014-10-25 21:27:08.873 myApp[36060:70b] ERROR: Plugin 'Keyboard' not found, or is not a CDVPlugin. Check your plugin mapping in config.xml.
2014-10-25 21:27:08.873 myApp[36060:70b] -[CDVCommandQueue executePending] [Line 158] FAILED pluginJSON = [
  "INVALID",
  "Keyboard",
  "close",
  [

  ]
]
2014-10-25 21:27:22.748 myApp[36060:70b] CDVPlugin class IonicKeyboard (pluginName: Keyboard) does not exist.
2014-10-25 21:27:22.748 myApp[36060:70b] ERROR: Plugin 'Keyboard' not found, or is not a CDVPlugin. Check your plugin mapping in config.xml.
2014-10-25 21:27:22.749 myApp[36060:70b] -[CDVCommandQueue executePending] [Line 158] FAILED pluginJSON = [
  "INVALID",
  "Keyboard",
  "close",
  [

  ]
]
2014-10-25 21:27:26.761 myApp[36060:70b] CDVPlugin class IonicKeyboard (pluginName: Keyboard) does not exist.
2014-10-25 21:27:26.761 myApp[36060:70b] ERROR: Plugin 'Keyboard' not found, or is not a CDVPlugin. Check your plugin mapping in config.xml.
2014-10-25 21:27:26.761 myApp[36060:70b] -[CDVCommandQueue executePending] [Line 158] FAILED pluginJSON = [
  "INVALID",
  "Keyboard",
  "close",
  [

  ]
]
objc[50640]: Class AXEmojiUtilities is implemented in both /Applications/Xcode.app/Contents/Developer/Platforms/iPhoneSimulator.platform/Developer/SDKs/iPhoneSimulator7.1.sdk/System/Library/PrivateFrameworks/AccessibilityUtilities.framework/AccessibilityUtilities and /Applications/Xcode.app/Contents/Developer/Platforms/iPhoneSimulator.platform/Developer/SDKs/iPhoneSimulator7.1.sdk/usr/lib/libAXSpeechManager.dylib. One of the two will be used. Which one is undefined.
2014-10-26 09:50:46.490 myApp[50640:70b] Cannot find executable for CFBundle 0x79c5a270 </Applications/Xcode.app/Contents/Developer/Platforms/iPhoneSimulator.platform/Developer/SDKs/iPhoneSimulator7.1.sdk/System/Library/AccessibilityBundles/CertUIFramework.axbundle> (not loaded)
2014-10-26 09:50:46.494 myApp[50640:70b] Cannot find executable for CFBundle 0x7967be90 </Applications/Xcode.app/Contents/Developer/Platforms/iPhoneSimulator.platform/Developer/SDKs/iPhoneSimulator7.1.sdk/System/Library/AccessibilityBundles/GeoServices.axbundle> (not loaded)
2014-10-26 09:50:46.517 myApp[50640:70b] Apache Cordova native platform version 3.6.3 is starting.
2014-10-26 09:50:46.518 myApp[50640:70b] Multi-tasking -> Device: YES, App: YES
2014-10-26 09:50:46.529 myApp[50640:70b] Unlimited access to network resources
2014-10-26 09:50:46.618 myApp[50640:70b] CDVPlugin class IonicKeyboard (pluginName: keyboard) does not exist.
2014-10-26 09:50:46.619 myApp[50640:70b] [CDVTimer][keyboard] 0.322044ms
2014-10-26 09:50:46.619 myApp[50640:70b] [CDVTimer][TotalPluginStartup] 0.615001ms
2014-10-26 09:50:46.733 myApp[50640:70b] Resetting plugins due to page load.
2014-10-26 09:50:46.946 myApp[50640:70b] Finished load of: file:///Users/spathon/Library/Developer/CoreSimulator/Devices/EA92D0E0-A24C-4289-9C31-314C99F1E5FC/data/Applications/F647B9B3-1ED4-4CAA-BE4A-4ABE82A0B298/myApp.app/www/index.html#/
2014-10-26 09:50:47.005 myApp[50640:70b] CDVPlugin class CDVDevice (pluginName: Device) does not exist.
2014-10-26 09:50:47.005 myApp[50640:70b] ERROR: Plugin 'Device' not found, or is not a CDVPlugin. Check your plugin mapping in config.xml.
2014-10-26 09:50:47.006 myApp[50640:70b] -[CDVCommandQueue executePending] [Line 158] FAILED pluginJSON = [
  "Device759636475",
  "Device",
  "getDeviceInfo",
  [

  ]
]
2014-10-26 09:51:02.811 myApp[50640:70b] CDVPlugin class IonicKeyboard (pluginName: Keyboard) does not exist.
2014-10-26 09:51:02.812 myApp[50640:70b] ERROR: Plugin 'Keyboard' not found, or is not a CDVPlugin. Check your plugin mapping in config.xml.
2014-10-26 09:51:02.812 myApp[50640:70b] -[CDVCommandQueue executePending] [Line 158] FAILED pluginJSON = [
  "INVALID",
  "Keyboard",
  "close",
  [

  ]
]
2014-10-26 09:51:12.321 myApp[50640:70b] CDVPlugin class IonicKeyboard (pluginName: Keyboard) does not exist.
2014-10-26 09:51:12.321 myApp[50640:70b] ERROR: Plugin 'Keyboard' not found, or is not a CDVPlugin. Check your plugin mapping in config.xml.
2014-10-26 09:51:12.321 myApp[50640:70b] -[CDVCommandQueue executePending] [Line 158] FAILED pluginJSON = [
  "INVALID",
  "Keyboard",
  "close",
  [

  ]
]
2014-10-26 09:51:13.776 myApp[50640:70b] CDVPlugin class IonicKeyboard (pluginName: Keyboard) does not exist.
2014-10-26 09:51:13.776 myApp[50640:70b] ERROR: Plugin 'Keyboard' not found, or is not a CDVPlugin. Check your plugin mapping in config.xml.
2014-10-26 09:51:13.776 myApp[50640:70b] -[CDVCommandQueue executePending] [Line 158] FAILED pluginJSON = [
  "INVALID",
  "Keyboard",
  "close",
  [

  ]
]
2014-10-26 09:51:14.996 myApp[50640:70b] CDVPlugin class IonicKeyboard (pluginName: Keyboard) does not exist.
2014-10-26 09:51:14.996 myApp[50640:70b] ERROR: Plugin 'Keyboard' not found, or is not a CDVPlugin. Check your plugin mapping in config.xml.
2014-10-26 09:51:14.996 myApp[50640:70b] -[CDVCommandQueue executePending] [Line 158] FAILED pluginJSON = [
  "INVALID",
  "Keyboard",
  "close",
  [

  ]
]
2014-10-26 09:51:15.839 myApp[50640:70b] CDVPlugin class IonicKeyboard (pluginName: Keyboard) does not exist.
2014-10-26 09:51:15.840 myApp[50640:70b] ERROR: Plugin 'Keyboard' not found, or is not a CDVPlugin. Check your plugin mapping in config.xml.
2014-10-26 09:51:15.840 myApp[50640:70b] -[CDVCommandQueue executePending] [Line 158] FAILED pluginJSON = [
  "INVALID",
  "Keyboard",
  "close",
  [

  ]
]
2014-10-26 09:51:33.019 myApp[50640:70b] -[__NSCFArray _dateChangeHandler:]: unrecognized selector sent to instance 0x799a8190
2014-10-26 09:51:33.040 myApp[50640:70b] *** Terminating app due to uncaught exception 'NSInvalidArgumentException', reason: '-[__NSCFArray _dateChangeHandler:]: unrecognized selector sent to instance 0x799a8190'
*** First throw call stack:
(
	0   CoreFoundation                      0x000e81e4 __exceptionPreprocess + 180
	1   libobjc.A.dylib                     0x01cb38e5 objc_exception_throw + 44
	2   CoreFoundation                      0x00185243 -[NSObject(NSObject) doesNotRecognizeSelector:] + 275
	3   CoreFoundation                      0x000d850b ___forwarding___ + 1019
	4   CoreFoundation                      0x000d80ee _CF_forwarding_prep_0 + 14
	5   libobjc.A.dylib                     0x01cc582b -[NSObject performSelector:withObject:] + 70
	6   UIKit                               0x003543b9 -[UIApplication sendAction:to:from:forEvent:] + 108
	7   UIKit                               0x00354345 -[UIApplication sendAction:toTarget:fromSender:forEvent:] + 61
	8   UIKit                               0x00455bd1 -[UIControl sendAction:to:forEvent:] + 66
	9   UIKit                               0x00455fc6 -[UIControl _sendActionsForEvents:withEvent:] + 577
	10  UIKit                               0x00455c06 -[UIControl sendActionsForControlEvents:] + 48
	11  UIKit                               0x009c960e -[_UIDatePickerView pickerView:didSelectRow:inComponent:] + 493
	12  UIKit                               0x00343481 -[UIPickerView _sendSelectionChangedForComponent:notify:] + 101
	13  UIKit                               0x003435eb -[UIPickerView _sendSelectionChangedFromTable:notify:] + 109
	14  UIKit                               0x008a72d8 -[UIPickerTableView _scrollingFinished] + 169
	15  UIKit                               0x008a738b -[UIPickerTableView scrollViewDidEndDecelerating:] + 33
	16  UIKit                               0x003e68ee -[UIScrollView(UIScrollViewInternal) _stopScrollDecelerationNotify:] + 1030
	17  UIKit                               0x003e6b3d -[UIScrollView(UIScrollViewInternal) _stopScrollingNotify:pin:tramplingDragFlags:] + 524
	18  UIKit                               0x003e6b7e -[UIScrollView(UIScrollViewInternal) _stopScrollingNotify:pin:] + 57
	19  UIKit                               0x003debe9 -[UIScrollView _smoothScrollWithUpdateTime:] + 4463
	20  UIKit                               0x003decfa -[UIScrollView _smoothScrollDisplayLink:] + 222
	21  QuartzCore                          0x036fcd66 _ZN2CA7Display15DisplayLinkItem8dispatchEv + 48
	22  QuartzCore                          0x036fcc22 _ZN2CA7Display11DisplayLink14dispatch_itemsEyyy + 310
	23  QuartzCore                          0x036fd147 _ZN2CA7Display16TimerDisplayLink8callbackEP16__CFRunLoopTimerPv + 123
	24  CoreFoundation                      0x000a6ac6 __CFRUNLOOP_IS_CALLING_OUT_TO_A_TIMER_CALLBACK_FUNCTION__ + 22
	25  CoreFoundation                      0x000a64ad __CFRunLoopDoTimer + 1181
	26  CoreFoundation                      0x0008e538 __CFRunLoopRun + 1816
	27  CoreFoundation                      0x0008d9d3 CFRunLoopRunSpecific + 467
	28  CoreFoundation                      0x0008d7eb CFRunLoopRunInMode + 123
	29  GraphicsServices                    0x032595ee GSEventRunModal + 192
	30  GraphicsServices                    0x0325942b GSEventRun + 104
	31  UIKit                               0x00352f9b UIApplicationMain + 1225
	32  myApp                               0x0003c39c main + 92
	33  libdyld.dylib                       0x024dd6d9 start + 1
)
libc++abi.dylib: terminating with uncaught exception of type NSException
